This is a morphological matrix
This is the proportion of non applicable characters and missing data for each taxon
Species data
Deania                      has 0.0%% missing characters and 6.382978723404255%% n/a characters
Squalus                     has 0.0%% missing characters and 3.404255319148936%% n/a characters
Squatina                    has 0.0%% missing characters and 3.404255319148936%% n/a characters
'Heterodontus_francisci'    has 0.0%% missing characters and 9.787234042553191%% n/a characters
Etmopterus                  has 0.425531914893617%% missing characters and 10.212765957446807%% n/a characters
Raja                        has 0.425531914893617%% missing characters and 6.808510638297872%% n/a characters
Carcharhinus                has 0.851063829787234%% missing characters and 4.680851063829787%% n/a characters
'Oxynotus_centrina'         has 1.276595744680851%% missing characters and 10.212765957446807%% n/a characters
Sphyrna                     has 1.276595744680851%% missing characters and 4.680851063829787%% n/a characters
Pseudocarcharias            has 1.702127659574468%% missing characters and 13.191489361702127%% n/a characters
'Isurus_oxyrinchus'         has 2.127659574468085%% missing characters and 13.191489361702127%% n/a characters
Mobula                      has 2.127659574468085%% missing characters and 8.936170212765958%% n/a characters
Carcharodon                 has 2.553191489361702%% missing characters and 13.191489361702127%% n/a characters
Scyliorhinus                has 2.9787234042553195%% missing characters and 11.914893617021278%% n/a characters
Hexanchus                   has 5.106382978723404%% missing characters and 11.914893617021278%% n/a characters
Dalatias                    has 5.531914893617021%% missing characters and 11.063829787234042%% n/a characters
'Platyrhinoidis_triseriata' has 5.531914893617021%% missing characters and 6.382978723404255%% n/a characters
'Orectolobus_japonicus'     has 5.957446808510639%% missing characters and 1.702127659574468%% n/a characters
'Chiloscyllium_plagiosum'   has 6.382978723404255%% missing characters and 1.702127659574468%% n/a characters
Hemiscyllium                has 6.382978723404255%% missing characters and 12.340425531914894%% n/a characters
'Heptranchias_perlo'        has 6.808510638297872%% missing characters and 12.340425531914894%% n/a characters
'Notorynchus_cepedianus'    has 6.808510638297872%% missing characters and 11.914893617021278%% n/a characters
Zameus                      has 6.808510638297872%% missing characters and 10.638297872340425%% n/a characters
Pristiophorus               has 6.808510638297872%% missing characters and 11.914893617021278%% n/a characters
Mustelus                    has 6.808510638297872%% missing characters and 12.76595744680851%% n/a characters
Torpedo                     has 6.808510638297872%% missing characters and 11.063829787234042%% n/a characters
Harriotta                   has 7.234042553191489%% missing characters and 17.872340425531917%% n/a characters
'Ginglymostoma_cirratum'    has 7.234042553191489%% missing characters and 11.914893617021278%% n/a characters
Chimaera                    has 7.659574468085106%% missing characters and 17.872340425531917%% n/a characters
Platyrhina                  has 7.659574468085106%% missing characters and 5.957446808510639%% n/a characters
Rhynchobatus                has 7.659574468085106%% missing characters and 5.957446808510639%% n/a characters
Rhinobatos                  has 7.659574468085106%% missing characters and 5.106382978723404%% n/a characters
Gymnura                     has 7.659574468085106%% missing characters and 8.51063829787234%% n/a characters
Rhinoptera                  has 7.659574468085106%% missing characters and 9.787234042553191%% n/a characters
Echinorhinus                has 8.51063829787234%% missing characters and 11.914893617021278%% n/a characters
Rhzioprionodon              has 8.51063829787234%% missing characters and 14.468085106382977%% n/a characters
Pristis                     has 8.936170212765958%% missing characters and 6.382978723404255%% n/a characters
Rhina                       has 8.936170212765958%% missing characters and 5.957446808510639%% n/a characters
Hypnos                      has 9.787234042553191%% missing characters and 10.638297872340425%% n/a characters
Bathyraja                   has 10.212765957446807%% missing characters and 7.659574468085106%% n/a characters
Hemipristis                 has 11.063829787234042%% missing characters and 10.638297872340425%% n/a characters
Hexatrygon                  has 11.48936170212766%% missing characters and 7.234042553191489%% n/a characters
fProtospinax                has 14.468085106382977%% missing characters and 8.51063829787234%% n/a characters
Mollisquama                 has 18.72340425531915%% missing characters and 9.787234042553191%% n/a characters
Pliotrema                   has 19.148936170212767%% missing characters and 10.212765957446807%% n/a characters
fPseudorhina                has 21.27659574468085%% missing characters and 9.361702127659575%% n/a characters
fSpathobatis                has 21.70212765957447%% missing characters and 7.234042553191489%% n/a characters
fBelemnobatis               has 25.106382978723403%% missing characters and 6.382978723404255%% n/a characters
fHamiltonichthys            has 29.361702127659573%% missing characters and 11.063829787234042%% n/a characters
fHybodus                    has 29.361702127659573%% missing characters and 11.48936170212766%% n/a characters
fKimmerobatis               has 33.61702127659574%% missing characters and 6.382978723404255%% n/a characters
fCobelodus                  has 34.04255319148936%% missing characters and 16.170212765957448%% n/a characters
fEgertonodus                has 40.85106382978723%% missing characters and 10.638297872340425%% n/a characters
'Pleisiobatis_daviesi'      has 54.04255319148936%% missing characters and 0.0%% n/a characters
Taeniura                    has 69.7872340425532%% missing characters and 0.425531914893617%% n/a characters
Urobatis                    has 71.91489361702128%% missing characters and 0.425531914893617%% n/a characters
'Fluvitrygon_signifer'      has 74.46808510638297%% missing characters and 0.0%% n/a characters
'Pteroplatytrygon_violacea' has 74.8936170212766%% missing characters and 0.425531914893617%% n/a characters
'Squaliolus_laticaudas'     has 76.59574468085107%% missing characters and 2.553191489361702%% n/a characters
'Isistius_brasiliensis'     has 81.27659574468085%% missing characters and 2.553191489361702%% n/a characters
'Somnsiosus_microcelaphus'  has 81.27659574468085%% missing characters and 2.553191489361702%% n/a characters
'Centrophorus_squamosus'    has 82.12765957446808%% missing characters and 2.553191489361702%% n/a characters
Narke                       has 86.80851063829788%% missing characters and 0.0%% n/a characters
'Diplobatis_pictus'         has 87.65957446808511%% missing characters and 0.0%% n/a characters
'Brachaelurus_waddi'        has 88.51063829787233%% missing characters and 1.702127659574468%% n/a characters
'Brevitrygon_imbricata'     has 88.51063829787233%% missing characters and 0.0%% n/a characters
'Parascyllium_variolatum '  has 88.93617021276596%% missing characters and 1.702127659574468%% n/a characters
'Negaprion_brevirostris'    has 88.93617021276596%% missing characters and 2.127659574468085%% n/a characters
'Prionace_glauca'           has 88.93617021276596%% missing characters and 2.127659574468085%% n/a characters
'Eridacnis_radcliffei'      has 88.93617021276596%% missing characters and 2.127659574468085%% n/a characters
'Gollum_attenuatus'         has 88.93617021276596%% missing characters and 2.127659574468085%% n/a characters
'Hemitriakis_japanica'      has 88.93617021276596%% missing characters and 2.127659574468085%% n/a characters
'Galeorhinus_galeus'        has 88.93617021276596%% missing characters and 2.127659574468085%% n/a characters
'Alopias_vulpinus'          has 88.93617021276596%% missing characters and 2.127659574468085%% n/a characters
'Cetorhinus_maximus'        has 88.93617021276596%% missing characters and 2.127659574468085%% n/a characters
'Odontaspididae_noronhai'   has 88.93617021276596%% missing characters and 2.127659574468085%% n/a characters
'Carcarhias_taurus '        has 88.93617021276596%% missing characters and 2.127659574468085%% n/a characters
Urolophus                   has 88.93617021276596%% missing characters and 0.425531914893617%% n/a characters
Urotrygon                   has 89.36170212765957%% missing characters and 0.425531914893617%% n/a characters
Aptychotrema                has 90.2127659574468%% missing characters and 0.425531914893617%% n/a characters
Neotrygon                   has 90.2127659574468%% missing characters and 0.425531914893617%% n/a characters
'Benthobatis_moresybi'      has 90.63829787234042%% missing characters and 0.425531914893617%% n/a characters
'Telatrygon_zugei'          has 90.63829787234042%% missing characters and 0.0%% n/a characters
'Callorhinchus_milii'       has 92.76595744680851%% missing characters and 3.404255319148936%% n/a characters
'Stegostoma_trigrinum'      has 94.04255319148936%% missing characters and 2.127659574468085%% n/a characters
'Atelomycterus_facsiatus'   has 94.04255319148936%% missing characters and 2.127659574468085%% n/a characters
'Galeocerdo_cuvier'         has 94.04255319148936%% missing characters and 2.127659574468085%% n/a characters
'Bythaelurus_naylori'       has 94.04255319148936%% missing characters and 2.127659574468085%% n/a characters
'Parmaturus_xaniurus '      has 94.04255319148936%% missing characters and 2.127659574468085%% n/a characters
'Apristurus_garricki'       has 94.04255319148936%% missing characters and 2.127659574468085%% n/a characters
Hemigaleus                  has 94.46808510638299%% missing characters and 0.0%% n/a characters
'Beringraja_binoculata'     has 95.31914893617022%% missing characters and 0.0%% n/a characters
'Curiraja_atlantis'         has 95.31914893617022%% missing characters and 0.0%% n/a characters
Aetomylaeus                 has 95.74468085106383%% missing characters and 0.0%% n/a characters
'Paratrygon_aiereba'        has 96.59574468085106%% missing characters and 0.0%% n/a characters
Trygonoptera_               has 96.59574468085106%% missing characters and 0.0%% n/a characters
Character data
Character32 is missing in 0.0%% of species
Character20 is missing in 1.0416666666666665%% of species
Character30 is missing in 1.0416666666666665%% of species
Character173 is missing in 1.0416666666666665%% of species
Character19 is missing in 3.125%% of species
Character1 is missing in 5.208333333333334%% of species
Character31 is missing in 5.208333333333334%% of species
Character24 is missing in 9.375%% of species
Character21 is missing in 14.583333333333334%% of species
Character22 is missing in 15.625%% of species
Character23 is missing in 15.625%% of species
Character26 is missing in 15.625%% of species
Character27 is missing in 15.625%% of species
Character56 is missing in 17.708333333333336%% of species
Character25 is missing in 18.75%% of species
Character81 is missing in 19.791666666666664%% of species
Character62 is missing in 20.833333333333336%% of species
Character79 is missing in 21.875%% of species
Character80 is missing in 21.875%% of species
Character2 is missing in 22.916666666666664%% of species
Character139 is missing in 22.916666666666664%% of species
Character28 is missing in 25.0%% of species
Character78 is missing in 25.0%% of species
Character38 is missing in 28.125%% of species
Character39 is missing in 29.166666666666668%% of species
Character33 is missing in 30.208333333333332%% of species
Character77 is missing in 30.208333333333332%% of species
Character11 is missing in 33.33333333333333%% of species
Character34 is missing in 35.41666666666667%% of species
Character3 is missing in 36.45833333333333%% of species
Character12 is missing in 36.45833333333333%% of species
Character15 is missing in 38.54166666666667%% of species
Character29 is missing in 38.54166666666667%% of species
Character66 is missing in 38.54166666666667%% of species
Character174 is missing in 38.54166666666667%% of species
Character36 is missing in 39.58333333333333%% of species
Character83 is missing in 39.58333333333333%% of species
Character91 is missing in 39.58333333333333%% of species
Character92 is missing in 39.58333333333333%% of species
Character134 is missing in 39.58333333333333%% of species
Character146 is missing in 39.58333333333333%% of species
Character150 is missing in 39.58333333333333%% of species
Character160 is missing in 39.58333333333333%% of species
Character175 is missing in 39.58333333333333%% of species
Character180 is missing in 39.58333333333333%% of species
Character16 is missing in 40.625%% of species
Character35 is missing in 40.625%% of species
Character46 is missing in 40.625%% of species
Character48 is missing in 40.625%% of species
Character50 is missing in 40.625%% of species
Character55 is missing in 40.625%% of species
Character106 is missing in 40.625%% of species
Character107 is missing in 40.625%% of species
Character137 is missing in 40.625%% of species
Character149 is missing in 40.625%% of species
Character151 is missing in 40.625%% of species
Character10 is missing in 41.66666666666667%% of species
Character18 is missing in 41.66666666666667%% of species
Character64 is missing in 41.66666666666667%% of species
Character90 is missing in 41.66666666666667%% of species
Character99 is missing in 41.66666666666667%% of species
Character156 is missing in 41.66666666666667%% of species
Character53 is missing in 42.70833333333333%% of species
Character68 is missing in 42.70833333333333%% of species
Character5 is missing in 43.75%% of species
Character43 is missing in 43.75%% of species
Character52 is missing in 43.75%% of species
Character58 is missing in 43.75%% of species
Character70 is missing in 43.75%% of species
Character93 is missing in 43.75%% of species
Character94 is missing in 43.75%% of species
Character95 is missing in 43.75%% of species
Character105 is missing in 43.75%% of species
Character115 is missing in 43.75%% of species
Character123 is missing in 43.75%% of species
Character176 is missing in 43.75%% of species
Character185 is missing in 43.75%% of species
Character192 is missing in 43.75%% of species
Character45 is missing in 44.79166666666667%% of species
Character47 is missing in 44.79166666666667%% of species
Character49 is missing in 44.79166666666667%% of species
Character73 is missing in 44.79166666666667%% of species
Character75 is missing in 44.79166666666667%% of species
Character98 is missing in 44.79166666666667%% of species
Character104 is missing in 44.79166666666667%% of species
Character111 is missing in 44.79166666666667%% of species
Character119 is missing in 44.79166666666667%% of species
Character131 is missing in 44.79166666666667%% of species
Character135 is missing in 44.79166666666667%% of species
Character136 is missing in 44.79166666666667%% of species
Character147 is missing in 44.79166666666667%% of species
Character148 is missing in 44.79166666666667%% of species
Character158 is missing in 44.79166666666667%% of species
Character177 is missing in 44.79166666666667%% of species
Character182 is missing in 44.79166666666667%% of species
Character186 is missing in 44.79166666666667%% of species
Character188 is missing in 44.79166666666667%% of species
Character189 is missing in 44.79166666666667%% of species
Character190 is missing in 44.79166666666667%% of species
Character191 is missing in 44.79166666666667%% of species
Character198 is missing in 44.79166666666667%% of species
Character199 is missing in 44.79166666666667%% of species
Character200 is missing in 44.79166666666667%% of species
Character201 is missing in 44.79166666666667%% of species
Character202 is missing in 44.79166666666667%% of species
Character203 is missing in 44.79166666666667%% of species
Character204 is missing in 44.79166666666667%% of species
Character205 is missing in 44.79166666666667%% of species
Character206 is missing in 44.79166666666667%% of species
Character207 is missing in 44.79166666666667%% of species
Character208 is missing in 44.79166666666667%% of species
Character209 is missing in 44.79166666666667%% of species
Character210 is missing in 44.79166666666667%% of species
Character211 is missing in 44.79166666666667%% of species
Character216 is missing in 44.79166666666667%% of species
Character217 is missing in 44.79166666666667%% of species
Character218 is missing in 44.79166666666667%% of species
Character219 is missing in 44.79166666666667%% of species
Character220 is missing in 44.79166666666667%% of species
Character221 is missing in 44.79166666666667%% of species
Character222 is missing in 44.79166666666667%% of species
Character223 is missing in 44.79166666666667%% of species
Character9 is missing in 45.83333333333333%% of species
Character41 is missing in 45.83333333333333%% of species
Character42 is missing in 45.83333333333333%% of species
Character44 is missing in 45.83333333333333%% of species
Character67 is missing in 45.83333333333333%% of species
Character96 is missing in 45.83333333333333%% of species
Character113 is missing in 45.83333333333333%% of species
Character114 is missing in 45.83333333333333%% of species
Character118 is missing in 45.83333333333333%% of species
Character132 is missing in 45.83333333333333%% of species
Character133 is missing in 45.83333333333333%% of species
Character138 is missing in 45.83333333333333%% of species
Character140 is missing in 45.83333333333333%% of species
Character178 is missing in 45.83333333333333%% of species
Character179 is missing in 45.83333333333333%% of species
Character183 is missing in 45.83333333333333%% of species
Character187 is missing in 45.83333333333333%% of species
Character196 is missing in 45.83333333333333%% of species
Character213 is missing in 45.83333333333333%% of species
Character4 is missing in 46.875%% of species
Character7 is missing in 46.875%% of species
Character13 is missing in 46.875%% of species
Character14 is missing in 46.875%% of species
Character17 is missing in 46.875%% of species
Character37 is missing in 46.875%% of species
Character40 is missing in 46.875%% of species
Character51 is missing in 46.875%% of species
Character97 is missing in 46.875%% of species
Character108 is missing in 46.875%% of species
Character109 is missing in 46.875%% of species
Character110 is missing in 46.875%% of species
Character116 is missing in 46.875%% of species
Character117 is missing in 46.875%% of species
Character124 is missing in 46.875%% of species
Character141 is missing in 46.875%% of species
Character142 is missing in 46.875%% of species
Character157 is missing in 46.875%% of species
Character181 is missing in 46.875%% of species
Character184 is missing in 46.875%% of species
Character214 is missing in 46.875%% of species
Character215 is missing in 46.875%% of species
Character63 is missing in 47.91666666666667%% of species
Character72 is missing in 47.91666666666667%% of species
Character101 is missing in 47.91666666666667%% of species
Character112 is missing in 47.91666666666667%% of species
Character120 is missing in 47.91666666666667%% of species
Character143 is missing in 47.91666666666667%% of species
Character159 is missing in 47.91666666666667%% of species
Character161 is missing in 47.91666666666667%% of species
Character8 is missing in 48.95833333333333%% of species
Character57 is missing in 48.95833333333333%% of species
Character125 is missing in 48.95833333333333%% of species
Character194 is missing in 48.95833333333333%% of species
Character195 is missing in 48.95833333333333%% of species
Character121 is missing in 50.0%% of species
Character169 is missing in 50.0%% of species
Character212 is missing in 50.0%% of species
Character61 is missing in 51.041666666666664%% of species
Character71 is missing in 51.041666666666664%% of species
Character76 is missing in 51.041666666666664%% of species
Character144 is missing in 51.041666666666664%% of species
Character153 is missing in 51.041666666666664%% of species
Character163 is missing in 51.041666666666664%% of species
Character170 is missing in 51.041666666666664%% of species
Character172 is missing in 51.041666666666664%% of species
Character6 is missing in 52.083333333333336%% of species
Character59 is missing in 52.083333333333336%% of species
Character69 is missing in 52.083333333333336%% of species
Character100 is missing in 52.083333333333336%% of species
Character102 is missing in 52.083333333333336%% of species
Character122 is missing in 52.083333333333336%% of species
Character154 is missing in 52.083333333333336%% of species
Character167 is missing in 52.083333333333336%% of species
Character171 is missing in 52.083333333333336%% of species
Character193 is missing in 52.083333333333336%% of species
Character65 is missing in 53.125%% of species
Character74 is missing in 53.125%% of species
Character103 is missing in 53.125%% of species
Character164 is missing in 53.125%% of species
Character165 is missing in 53.125%% of species
Character166 is missing in 53.125%% of species
Character60 is missing in 54.166666666666664%% of species
Character88 is missing in 54.166666666666664%% of species
Character128 is missing in 54.166666666666664%% of species
Character162 is missing in 54.166666666666664%% of species
Character86 is missing in 55.208333333333336%% of species
Character87 is missing in 55.208333333333336%% of species
Character89 is missing in 55.208333333333336%% of species
Character129 is missing in 55.208333333333336%% of species
Character152 is missing in 55.208333333333336%% of species
Character127 is missing in 56.25%% of species
Character82 is missing in 57.291666666666664%% of species
Character54 is missing in 58.333333333333336%% of species
Character155 is missing in 58.333333333333336%% of species
Character130 is missing in 59.375%% of species
Character84 is missing in 60.416666666666664%% of species
Character85 is missing in 60.416666666666664%% of species
Character145 is missing in 60.416666666666664%% of species
Character224 is missing in 60.416666666666664%% of species
Character197 is missing in 61.458333333333336%% of species
Character126 is missing in 64.58333333333334%% of species
Character168 is missing in 66.66666666666666%% of species
Character225 is missing in 77.08333333333334%% of species
Character226 is missing in 77.08333333333334%% of species
Character227 is missing in 77.08333333333334%% of species
Character228 is missing in 77.08333333333334%% of species
Character229 is missing in 77.08333333333334%% of species
Character230 is missing in 77.08333333333334%% of species
Character231 is missing in 77.08333333333334%% of species
Character232 is missing in 77.08333333333334%% of species
Character233 is missing in 77.08333333333334%% of species
Character234 is missing in 77.08333333333334%% of species
Character235 is missing in 77.08333333333334%% of species
